<?xml version="1.0" encoding="UTF-8"?>
<robot generator="Robot 4.1.2 (Python 3.8.8 on win32)" generated="20211213 21:14:38.814" rpa="false" schemaversion="2">
<suite id="s1" name="Tests" source="D:\Documents\AY2122\Term 1\STSWENG\Robot\tests">
<suite id="s1-s1" name="Exercise" source="D:\Documents\AY2122\Term 1\STSWENG\Robot\tests\exercise.robot">
<test id="s1-s1-t1" name="1 Successful User Login">
<kw name="Open Browser" library="SeleniumLibrary">
<arg>https://www.saucedemo.com/</arg>
<arg>chrome</arg>
<doc>Opens a new browser instance to the optional ``url``.</doc>
<msg timestamp="20211213 21:14:39.091" level="INFO">Opening browser 'chrome' to base url 'https://www.saucedemo.com/'.</msg>
<status status="PASS" starttime="20211213 21:14:39.090" endtime="20211213 21:14:40.916"/>
</kw>
<kw name="Maximize Browser Window" library="SeleniumLibrary">
<doc>Maximizes current browser window.</doc>
<status status="PASS" starttime="20211213 21:14:40.916" endtime="20211213 21:14:41.029"/>
</kw>
<kw name="Page Should Contain Element" library="SeleniumLibrary">
<arg>login-button</arg>
<doc>Verifies that element ``locator`` is found on the current page.</doc>
<msg timestamp="20211213 21:14:41.040" level="INFO">Current page contains element 'login-button'.</msg>
<status status="PASS" starttime="20211213 21:14:41.029" endtime="20211213 21:14:41.040"/>
</kw>
<kw name="Input Text" library="SeleniumLibrary">
<arg>user-name</arg>
<arg>standard_user</arg>
<doc>Types the given ``text`` into the text field identified by ``locator``.</doc>
<msg timestamp="20211213 21:14:41.041" level="INFO">Typing text 'standard_user' into text field 'user-name'.</msg>
<status status="PASS" starttime="20211213 21:14:41.040" endtime="20211213 21:14:41.142"/>
</kw>
<kw name="Input Text" library="SeleniumLibrary">
<arg>password</arg>
<arg>secret_sauce</arg>
<doc>Types the given ``text`` into the text field identified by ``locator``.</doc>
<msg timestamp="20211213 21:14:41.143" level="INFO">Typing text 'secret_sauce' into text field 'password'.</msg>
<status status="PASS" starttime="20211213 21:14:41.143" endtime="20211213 21:14:41.239"/>
</kw>
<kw name="Click Button" library="SeleniumLibrary">
<arg>login-button</arg>
<doc>Clicks the button identified by ``locator``.</doc>
<msg timestamp="20211213 21:14:41.240" level="INFO">Clicking button 'login-button'.</msg>
<status status="PASS" starttime="20211213 21:14:41.240" endtime="20211213 21:14:41.337"/>
</kw>
<kw name="Element Text Should Be" library="SeleniumLibrary">
<arg>class:title</arg>
<arg>PRODUCTS</arg>
<doc>Verifies that element ``locator`` contains exact the text ``expected``.</doc>
<msg timestamp="20211213 21:14:41.361" level="INFO">Verifying element 'class:title' contains exact text 'PRODUCTS'.</msg>
<status status="PASS" starttime="20211213 21:14:41.360" endtime="20211213 21:14:41.412"/>
</kw>
<kw name="Close Browser" library="SeleniumLibrary" type="TEARDOWN">
<doc>Closes the current browser.</doc>
<status status="PASS" starttime="20211213 21:14:41.413" endtime="20211213 21:14:43.579"/>
</kw>
<status status="PASS" starttime="20211213 21:14:39.089" endtime="20211213 21:14:43.580"/>
</test>
<test id="s1-s1-t2" name="2 Unsuccessful user log in by a locked out user">
<kw name="Open Browser" library="SeleniumLibrary">
<arg>https://www.saucedemo.com/</arg>
<arg>chrome</arg>
<doc>Opens a new browser instance to the optional ``url``.</doc>
<msg timestamp="20211213 21:14:43.583" level="INFO">Opening browser 'chrome' to base url 'https://www.saucedemo.com/'.</msg>
<status status="PASS" starttime="20211213 21:14:43.583" endtime="20211213 21:14:45.608"/>
</kw>
<kw name="Maximize Browser Window" library="SeleniumLibrary">
<doc>Maximizes current browser window.</doc>
<status status="PASS" starttime="20211213 21:14:45.609" endtime="20211213 21:14:45.721"/>
</kw>
<kw name="Page Should Contain Element" library="SeleniumLibrary">
<arg>login-button</arg>
<doc>Verifies that element ``locator`` is found on the current page.</doc>
<msg timestamp="20211213 21:14:45.732" level="INFO">Current page contains element 'login-button'.</msg>
<status status="PASS" starttime="20211213 21:14:45.721" endtime="20211213 21:14:45.732"/>
</kw>
<kw name="Input Text" library="SeleniumLibrary">
<arg>user-name</arg>
<arg>locked_out_user</arg>
<doc>Types the given ``text`` into the text field identified by ``locator``.</doc>
<msg timestamp="20211213 21:14:45.732" level="INFO">Typing text 'locked_out_user' into text field 'user-name'.</msg>
<status status="PASS" starttime="20211213 21:14:45.732" endtime="20211213 21:14:45.838"/>
</kw>
<kw name="Input Text" library="SeleniumLibrary">
<arg>password</arg>
<arg>secret_sauce</arg>
<doc>Types the given ``text`` into the text field identified by ``locator``.</doc>
<msg timestamp="20211213 21:14:45.839" level="INFO">Typing text 'secret_sauce' into text field 'password'.</msg>
<status status="PASS" starttime="20211213 21:14:45.839" endtime="20211213 21:14:45.922"/>
</kw>
<kw name="Click Button" library="SeleniumLibrary">
<arg>login-button</arg>
<doc>Clicks the button identified by ``locator``.</doc>
<msg timestamp="20211213 21:14:45.922" level="INFO">Clicking button 'login-button'.</msg>
<status status="PASS" starttime="20211213 21:14:45.922" endtime="20211213 21:14:45.977"/>
</kw>
<kw name="Page Should Contain" library="SeleniumLibrary">
<arg>Epic sadface: Sorry, this user has been locked out.</arg>
<doc>Verifies that current page contains ``text``.</doc>
<msg timestamp="20211213 21:14:45.991" level="INFO">Current page contains text 'Epic sadface: Sorry, this user has been locked out.'.</msg>
<status status="PASS" starttime="20211213 21:14:45.977" endtime="20211213 21:14:45.991"/>
</kw>
<kw name="Close Browser" library="SeleniumLibrary" type="TEARDOWN">
<doc>Closes the current browser.</doc>
<status status="PASS" starttime="20211213 21:14:45.992" endtime="20211213 21:14:48.120"/>
</kw>
<status status="PASS" starttime="20211213 21:14:43.581" endtime="20211213 21:14:48.120"/>
</test>
<test id="s1-s1-t3" name="3 Typed wrong password">
<kw name="Open Browser" library="SeleniumLibrary">
<arg>https://www.saucedemo.com/</arg>
<arg>chrome</arg>
<doc>Opens a new browser instance to the optional ``url``.</doc>
<msg timestamp="20211213 21:14:48.123" level="INFO">Opening browser 'chrome' to base url 'https://www.saucedemo.com/'.</msg>
<status status="PASS" starttime="20211213 21:14:48.123" endtime="20211213 21:14:49.892"/>
</kw>
<kw name="Maximize Browser Window" library="SeleniumLibrary">
<doc>Maximizes current browser window.</doc>
<status status="PASS" starttime="20211213 21:14:49.892" endtime="20211213 21:14:50.006"/>
</kw>
<kw name="Page Should Contain Element" library="SeleniumLibrary">
<arg>login-button</arg>
<doc>Verifies that element ``locator`` is found on the current page.</doc>
<msg timestamp="20211213 21:14:50.021" level="INFO">Current page contains element 'login-button'.</msg>
<status status="PASS" starttime="20211213 21:14:50.007" endtime="20211213 21:14:50.021"/>
</kw>
<kw name="Input Text" library="SeleniumLibrary">
<arg>user-name</arg>
<arg>standard_user</arg>
<doc>Types the given ``text`` into the text field identified by ``locator``.</doc>
<msg timestamp="20211213 21:14:50.022" level="INFO">Typing text 'standard_user' into text field 'user-name'.</msg>
<status status="PASS" starttime="20211213 21:14:50.022" endtime="20211213 21:14:50.127"/>
</kw>
<kw name="Input Text" library="SeleniumLibrary">
<arg>password</arg>
<arg>wrong_password</arg>
<doc>Types the given ``text`` into the text field identified by ``locator``.</doc>
<msg timestamp="20211213 21:14:50.127" level="INFO">Typing text 'wrong_password' into text field 'password'.</msg>
<status status="PASS" starttime="20211213 21:14:50.127" endtime="20211213 21:14:50.220"/>
</kw>
<kw name="Click Button" library="SeleniumLibrary">
<arg>login-button</arg>
<doc>Clicks the button identified by ``locator``.</doc>
<msg timestamp="20211213 21:14:50.220" level="INFO">Clicking button 'login-button'.</msg>
<status status="PASS" starttime="20211213 21:14:50.220" endtime="20211213 21:14:50.272"/>
</kw>
<kw name="Page Should Contain" library="SeleniumLibrary">
<arg>Epic sadface: Username and password do not match any user in this service</arg>
<doc>Verifies that current page contains ``text``.</doc>
<msg timestamp="20211213 21:14:50.286" level="INFO">Current page contains text 'Epic sadface: Username and password do not match any user in this service'.</msg>
<status status="PASS" starttime="20211213 21:14:50.273" endtime="20211213 21:14:50.286"/>
</kw>
<kw name="Close Browser" library="SeleniumLibrary" type="TEARDOWN">
<doc>Closes the current browser.</doc>
<status status="PASS" starttime="20211213 21:14:50.287" endtime="20211213 21:14:52.404"/>
</kw>
<status status="PASS" starttime="20211213 21:14:48.122" endtime="20211213 21:14:52.404"/>
</test>
<test id="s1-s1-t4" name="4 Logged in as problem user and sees a broken inventory page">
<kw name="Open Browser" library="SeleniumLibrary">
<arg>https://www.saucedemo.com/</arg>
<arg>chrome</arg>
<doc>Opens a new browser instance to the optional ``url``.</doc>
<msg timestamp="20211213 21:14:52.407" level="INFO">Opening browser 'chrome' to base url 'https://www.saucedemo.com/'.</msg>
<status status="PASS" starttime="20211213 21:14:52.407" endtime="20211213 21:14:54.360"/>
</kw>
<kw name="Maximize Browser Window" library="SeleniumLibrary">
<doc>Maximizes current browser window.</doc>
<status status="PASS" starttime="20211213 21:14:54.360" endtime="20211213 21:14:54.474"/>
</kw>
<kw name="Page Should Contain Element" library="SeleniumLibrary">
<arg>login-button</arg>
<doc>Verifies that element ``locator`` is found on the current page.</doc>
<msg timestamp="20211213 21:14:54.486" level="INFO">Current page contains element 'login-button'.</msg>
<status status="PASS" starttime="20211213 21:14:54.475" endtime="20211213 21:14:54.486"/>
</kw>
<kw name="Input Text" library="SeleniumLibrary">
<arg>user-name</arg>
<arg>problem_user</arg>
<doc>Types the given ``text`` into the text field identified by ``locator``.</doc>
<msg timestamp="20211213 21:14:54.487" level="INFO">Typing text 'problem_user' into text field 'user-name'.</msg>
<status status="PASS" starttime="20211213 21:14:54.486" endtime="20211213 21:14:54.584"/>
</kw>
<kw name="Input Text" library="SeleniumLibrary">
<arg>password</arg>
<arg>secret_sauce</arg>
<doc>Types the given ``text`` into the text field identified by ``locator``.</doc>
<msg timestamp="20211213 21:14:54.585" level="INFO">Typing text 'secret_sauce' into text field 'password'.</msg>
<status status="PASS" starttime="20211213 21:14:54.585" endtime="20211213 21:14:54.669"/>
</kw>
<kw name="Click Button" library="SeleniumLibrary">
<arg>login-button</arg>
<doc>Clicks the button identified by ``locator``.</doc>
<msg timestamp="20211213 21:14:54.670" level="INFO">Clicking button 'login-button'.</msg>
<status status="PASS" starttime="20211213 21:14:54.669" endtime="20211213 21:14:54.765"/>
</kw>
<kw name="Click Element" library="SeleniumLibrary">
<arg>item_4_title_link</arg>
<doc>Click the element identified by ``locator``.</doc>
<msg timestamp="20211213 21:14:54.766" level="INFO">Clicking element 'item_4_title_link'.</msg>
<status status="PASS" starttime="20211213 21:14:54.766" endtime="20211213 21:14:54.820"/>
</kw>
<kw name="Element Text Should Not Be" library="SeleniumLibrary">
<arg>class:inventory_details_name</arg>
<arg>Sauce Labs Backpack</arg>
<doc>Verifies that element ``locator`` does not contain exact the text ``not_expected``.</doc>
<msg timestamp="20211213 21:14:54.822" level="INFO">Verifying element 'class:inventory_details_name' does not contain exact text 'Sauce Labs Backpack'.</msg>
<status status="PASS" starttime="20211213 21:14:54.821" endtime="20211213 21:14:54.842"/>
</kw>
<kw name="Close Browser" library="SeleniumLibrary" type="TEARDOWN">
<doc>Closes the current browser.</doc>
<status status="PASS" starttime="20211213 21:14:54.843" endtime="20211213 21:14:56.965"/>
</kw>
<status status="PASS" starttime="20211213 21:14:52.406" endtime="20211213 21:14:56.966"/>
</test>
<doc>SeleniumIDE &amp; RobotFramework Practice

This test follows the example using keywords from
the Selenium Library</doc>
<status status="PASS" starttime="20211213 21:14:38.849" endtime="20211213 21:14:56.967"/>
</suite>
<status status="PASS" starttime="20211213 21:14:38.816" endtime="20211213 21:14:56.970"/>
</suite>
<statistics>
<total>
<stat pass="4" fail="0" skip="0">All Tests</stat>
</total>
<tag>
</tag>
<suite>
<stat pass="4" fail="0" skip="0" id="s1" name="Tests">Tests</stat>
<stat pass="4" fail="0" skip="0" id="s1-s1" name="Exercise">Tests.Exercise</stat>
</suite>
</statistics>
<errors>
</errors>
</robot>
