<?xml version="1.0" encoding="UTF-8"?>
<robot generator="Robot 4.1.2 (Python 3.8.8 on win32)" generated="20211213 22:10:02.801" rpa="false" schemaversion="2">
<suite id="s1" name="Tests" source="D:\Documents\AY2122\Term 1\STSWENG\Exercise-SeleniumIDE-RobotFramework-Practice\tests">
<suite id="s1-s1" name="Exercise" source="D:\Documents\AY2122\Term 1\STSWENG\Exercise-SeleniumIDE-RobotFramework-Practice\tests\exercise.robot">
<test id="s1-s1-t1" name="1 Successful User Login">
<kw name="Open Browser" library="SeleniumLibrary">
<arg>https://www.saucedemo.com/</arg>
<arg>chrome</arg>
<doc>Opens a new browser instance to the optional ``url``.</doc>
<msg timestamp="20211213 22:10:03.093" level="INFO">Opening browser 'chrome' to base url 'https://www.saucedemo.com/'.</msg>
<status status="PASS" starttime="20211213 22:10:03.092" endtime="20211213 22:10:04.628"/>
</kw>
<kw name="Maximize Browser Window" library="SeleniumLibrary">
<doc>Maximizes current browser window.</doc>
<status status="PASS" starttime="20211213 22:10:04.629" endtime="20211213 22:10:04.742"/>
</kw>
<kw name="Page Should Contain Element" library="SeleniumLibrary">
<arg>login-button</arg>
<doc>Verifies that element ``locator`` is found on the current page.</doc>
<msg timestamp="20211213 22:10:04.754" level="INFO">Current page contains element 'login-button'.</msg>
<status status="PASS" starttime="20211213 22:10:04.743" endtime="20211213 22:10:04.754"/>
</kw>
<kw name="Input Text" library="SeleniumLibrary">
<arg>user-name</arg>
<arg>standard_user</arg>
<doc>Types the given ``text`` into the text field identified by ``locator``.</doc>
<msg timestamp="20211213 22:10:04.755" level="INFO">Typing text 'standard_user' into text field 'user-name'.</msg>
<status status="PASS" starttime="20211213 22:10:04.755" endtime="20211213 22:10:04.860"/>
</kw>
<kw name="Input Text" library="SeleniumLibrary">
<arg>password</arg>
<arg>secret_sauce</arg>
<doc>Types the given ``text`` into the text field identified by ``locator``.</doc>
<msg timestamp="20211213 22:10:04.860" level="INFO">Typing text 'secret_sauce' into text field 'password'.</msg>
<status status="PASS" starttime="20211213 22:10:04.860" endtime="20211213 22:10:04.949"/>
</kw>
<kw name="Click Button" library="SeleniumLibrary">
<arg>login-button</arg>
<doc>Clicks the button identified by ``locator``.</doc>
<msg timestamp="20211213 22:10:04.950" level="INFO">Clicking button 'login-button'.</msg>
<status status="PASS" starttime="20211213 22:10:04.949" endtime="20211213 22:10:05.067"/>
</kw>
<kw name="Element Text Should Be" library="SeleniumLibrary">
<arg>class:title</arg>
<arg>PRODUCTS</arg>
<doc>Verifies that element ``locator`` contains exact the text ``expected``.</doc>
<msg timestamp="20211213 22:10:05.068" level="INFO">Verifying element 'class:title' contains exact text 'PRODUCTS'.</msg>
<status status="PASS" starttime="20211213 22:10:05.067" endtime="20211213 22:10:05.230"/>
</kw>
<kw name="Close Browser" library="SeleniumLibrary" type="TEARDOWN">
<doc>Closes the current browser.</doc>
<status status="PASS" starttime="20211213 22:10:05.245" endtime="20211213 22:10:07.462"/>
</kw>
<status status="PASS" starttime="20211213 22:10:03.091" endtime="20211213 22:10:07.463"/>
</test>
<test id="s1-s1-t2" name="2 Unsuccessful user log in by a locked out user">
<kw name="Open Browser" library="SeleniumLibrary">
<arg>https://www.saucedemo.com/</arg>
<arg>chrome</arg>
<doc>Opens a new browser instance to the optional ``url``.</doc>
<msg timestamp="20211213 22:10:07.468" level="INFO">Opening browser 'chrome' to base url 'https://www.saucedemo.com/'.</msg>
<status status="PASS" starttime="20211213 22:10:07.468" endtime="20211213 22:10:09.456"/>
</kw>
<kw name="Maximize Browser Window" library="SeleniumLibrary">
<doc>Maximizes current browser window.</doc>
<status status="PASS" starttime="20211213 22:10:09.462" endtime="20211213 22:10:09.586"/>
</kw>
<kw name="Page Should Contain Element" library="SeleniumLibrary">
<arg>login-button</arg>
<doc>Verifies that element ``locator`` is found on the current page.</doc>
<msg timestamp="20211213 22:10:09.598" level="INFO">Current page contains element 'login-button'.</msg>
<status status="PASS" starttime="20211213 22:10:09.587" endtime="20211213 22:10:09.598"/>
</kw>
<kw name="Input Text" library="SeleniumLibrary">
<arg>user-name</arg>
<arg>locked_out_user</arg>
<doc>Types the given ``text`` into the text field identified by ``locator``.</doc>
<msg timestamp="20211213 22:10:09.599" level="INFO">Typing text 'locked_out_user' into text field 'user-name'.</msg>
<status status="PASS" starttime="20211213 22:10:09.599" endtime="20211213 22:10:09.713"/>
</kw>
<kw name="Input Text" library="SeleniumLibrary">
<arg>password</arg>
<arg>secret_sauce</arg>
<doc>Types the given ``text`` into the text field identified by ``locator``.</doc>
<msg timestamp="20211213 22:10:09.714" level="INFO">Typing text 'secret_sauce' into text field 'password'.</msg>
<status status="PASS" starttime="20211213 22:10:09.713" endtime="20211213 22:10:09.802"/>
</kw>
<kw name="Click Button" library="SeleniumLibrary">
<arg>login-button</arg>
<doc>Clicks the button identified by ``locator``.</doc>
<msg timestamp="20211213 22:10:09.803" level="INFO">Clicking button 'login-button'.</msg>
<status status="PASS" starttime="20211213 22:10:09.803" endtime="20211213 22:10:09.853"/>
</kw>
<kw name="Page Should Contain" library="SeleniumLibrary">
<arg>Epic sadface: Sorry, this user has been locked out.</arg>
<doc>Verifies that current page contains ``text``.</doc>
<msg timestamp="20211213 22:10:09.869" level="INFO">Current page contains text 'Epic sadface: Sorry, this user has been locked out.'.</msg>
<status status="PASS" starttime="20211213 22:10:09.853" endtime="20211213 22:10:09.869"/>
</kw>
<kw name="Close Browser" library="SeleniumLibrary" type="TEARDOWN">
<doc>Closes the current browser.</doc>
<status status="PASS" starttime="20211213 22:10:09.870" endtime="20211213 22:10:11.986"/>
</kw>
<status status="PASS" starttime="20211213 22:10:07.466" endtime="20211213 22:10:11.987"/>
</test>
<test id="s1-s1-t3" name="3 Typed wrong password">
<kw name="Open Browser" library="SeleniumLibrary">
<arg>https://www.saucedemo.com/</arg>
<arg>chrome</arg>
<doc>Opens a new browser instance to the optional ``url``.</doc>
<msg timestamp="20211213 22:10:11.993" level="INFO">Opening browser 'chrome' to base url 'https://www.saucedemo.com/'.</msg>
<status status="PASS" starttime="20211213 22:10:11.992" endtime="20211213 22:10:14.264"/>
</kw>
<kw name="Maximize Browser Window" library="SeleniumLibrary">
<doc>Maximizes current browser window.</doc>
<status status="PASS" starttime="20211213 22:10:14.264" endtime="20211213 22:10:14.377"/>
</kw>
<kw name="Page Should Contain Element" library="SeleniumLibrary">
<arg>login-button</arg>
<doc>Verifies that element ``locator`` is found on the current page.</doc>
<msg timestamp="20211213 22:10:14.388" level="INFO">Current page contains element 'login-button'.</msg>
<status status="PASS" starttime="20211213 22:10:14.377" endtime="20211213 22:10:14.388"/>
</kw>
<kw name="Input Text" library="SeleniumLibrary">
<arg>user-name</arg>
<arg>standard_user</arg>
<doc>Types the given ``text`` into the text field identified by ``locator``.</doc>
<msg timestamp="20211213 22:10:14.389" level="INFO">Typing text 'standard_user' into text field 'user-name'.</msg>
<status status="PASS" starttime="20211213 22:10:14.389" endtime="20211213 22:10:14.497"/>
</kw>
<kw name="Input Text" library="SeleniumLibrary">
<arg>password</arg>
<arg>wrong_password</arg>
<doc>Types the given ``text`` into the text field identified by ``locator``.</doc>
<msg timestamp="20211213 22:10:14.499" level="INFO">Typing text 'wrong_password' into text field 'password'.</msg>
<status status="PASS" starttime="20211213 22:10:14.498" endtime="20211213 22:10:14.589"/>
</kw>
<kw name="Click Button" library="SeleniumLibrary">
<arg>login-button</arg>
<doc>Clicks the button identified by ``locator``.</doc>
<msg timestamp="20211213 22:10:14.590" level="INFO">Clicking button 'login-button'.</msg>
<status status="PASS" starttime="20211213 22:10:14.590" endtime="20211213 22:10:14.648"/>
</kw>
<kw name="Page Should Contain" library="SeleniumLibrary">
<arg>Epic sadface: Username and password do not match any user in this service</arg>
<doc>Verifies that current page contains ``text``.</doc>
<msg timestamp="20211213 22:10:14.665" level="INFO">Current page contains text 'Epic sadface: Username and password do not match any user in this service'.</msg>
<status status="PASS" starttime="20211213 22:10:14.649" endtime="20211213 22:10:14.665"/>
</kw>
<kw name="Close Browser" library="SeleniumLibrary" type="TEARDOWN">
<doc>Closes the current browser.</doc>
<status status="PASS" starttime="20211213 22:10:14.666" endtime="20211213 22:10:16.855"/>
</kw>
<status status="PASS" starttime="20211213 22:10:11.990" endtime="20211213 22:10:16.856"/>
</test>
<test id="s1-s1-t4" name="4 Logged in as problem user and sees a broken inventory page">
<kw name="Open Browser" library="SeleniumLibrary">
<arg>https://www.saucedemo.com/</arg>
<arg>chrome</arg>
<doc>Opens a new browser instance to the optional ``url``.</doc>
<msg timestamp="20211213 22:10:16.860" level="INFO">Opening browser 'chrome' to base url 'https://www.saucedemo.com/'.</msg>
<status status="PASS" starttime="20211213 22:10:16.860" endtime="20211213 22:10:19.033"/>
</kw>
<kw name="Maximize Browser Window" library="SeleniumLibrary">
<doc>Maximizes current browser window.</doc>
<status status="PASS" starttime="20211213 22:10:19.034" endtime="20211213 22:10:19.147"/>
</kw>
<kw name="Page Should Contain Element" library="SeleniumLibrary">
<arg>login-button</arg>
<doc>Verifies that element ``locator`` is found on the current page.</doc>
<msg timestamp="20211213 22:10:19.158" level="INFO">Current page contains element 'login-button'.</msg>
<status status="PASS" starttime="20211213 22:10:19.147" endtime="20211213 22:10:19.158"/>
</kw>
<kw name="Input Text" library="SeleniumLibrary">
<arg>user-name</arg>
<arg>problem_user</arg>
<doc>Types the given ``text`` into the text field identified by ``locator``.</doc>
<msg timestamp="20211213 22:10:19.159" level="INFO">Typing text 'problem_user' into text field 'user-name'.</msg>
<status status="PASS" starttime="20211213 22:10:19.158" endtime="20211213 22:10:19.274"/>
</kw>
<kw name="Input Text" library="SeleniumLibrary">
<arg>password</arg>
<arg>secret_sauce</arg>
<doc>Types the given ``text`` into the text field identified by ``locator``.</doc>
<msg timestamp="20211213 22:10:19.275" level="INFO">Typing text 'secret_sauce' into text field 'password'.</msg>
<status status="PASS" starttime="20211213 22:10:19.274" endtime="20211213 22:10:19.364"/>
</kw>
<kw name="Click Button" library="SeleniumLibrary">
<arg>login-button</arg>
<doc>Clicks the button identified by ``locator``.</doc>
<msg timestamp="20211213 22:10:19.364" level="INFO">Clicking button 'login-button'.</msg>
<status status="PASS" starttime="20211213 22:10:19.364" endtime="20211213 22:10:19.461"/>
</kw>
<kw name="Click Element" library="SeleniumLibrary">
<arg>item_4_title_link</arg>
<doc>Click the element identified by ``locator``.</doc>
<msg timestamp="20211213 22:10:19.462" level="INFO">Clicking element 'item_4_title_link'.</msg>
<status status="PASS" starttime="20211213 22:10:19.462" endtime="20211213 22:10:19.515"/>
</kw>
<kw name="Element Text Should Not Be" library="SeleniumLibrary">
<arg>class:inventory_details_name</arg>
<arg>Sauce Labs Backpack</arg>
<doc>Verifies that element ``locator`` does not contain exact the text ``not_expected``.</doc>
<msg timestamp="20211213 22:10:19.516" level="INFO">Verifying element 'class:inventory_details_name' does not contain exact text 'Sauce Labs Backpack'.</msg>
<status status="PASS" starttime="20211213 22:10:19.516" endtime="20211213 22:10:19.537"/>
</kw>
<kw name="Close Browser" library="SeleniumLibrary" type="TEARDOWN">
<doc>Closes the current browser.</doc>
<status status="PASS" starttime="20211213 22:10:19.537" endtime="20211213 22:10:21.673"/>
</kw>
<status status="PASS" starttime="20211213 22:10:16.858" endtime="20211213 22:10:21.674"/>
</test>
<test id="s1-s1-t5" name="5 Sort product name (A to Z)">
<kw name="Open Browser" library="SeleniumLibrary">
<arg>https://www.saucedemo.com/</arg>
<arg>chrome</arg>
<doc>Opens a new browser instance to the optional ``url``.</doc>
<msg timestamp="20211213 22:10:21.679" level="INFO">Opening browser 'chrome' to base url 'https://www.saucedemo.com/'.</msg>
<status status="PASS" starttime="20211213 22:10:21.678" endtime="20211213 22:10:23.995"/>
</kw>
<kw name="Maximize Browser Window" library="SeleniumLibrary">
<doc>Maximizes current browser window.</doc>
<status status="PASS" starttime="20211213 22:10:23.995" endtime="20211213 22:10:24.108"/>
</kw>
<kw name="Page Should Contain Element" library="SeleniumLibrary">
<arg>login-button</arg>
<doc>Verifies that element ``locator`` is found on the current page.</doc>
<msg timestamp="20211213 22:10:24.121" level="INFO">Current page contains element 'login-button'.</msg>
<status status="PASS" starttime="20211213 22:10:24.108" endtime="20211213 22:10:24.121"/>
</kw>
<kw name="Input Text" library="SeleniumLibrary">
<arg>user-name</arg>
<arg>standard_user</arg>
<doc>Types the given ``text`` into the text field identified by ``locator``.</doc>
<msg timestamp="20211213 22:10:24.122" level="INFO">Typing text 'standard_user' into text field 'user-name'.</msg>
<status status="PASS" starttime="20211213 22:10:24.121" endtime="20211213 22:10:24.232"/>
</kw>
<kw name="Input Text" library="SeleniumLibrary">
<arg>password</arg>
<arg>secret_sauce</arg>
<doc>Types the given ``text`` into the text field identified by ``locator``.</doc>
<msg timestamp="20211213 22:10:24.233" level="INFO">Typing text 'secret_sauce' into text field 'password'.</msg>
<status status="PASS" starttime="20211213 22:10:24.233" endtime="20211213 22:10:24.320"/>
</kw>
<kw name="Click Button" library="SeleniumLibrary">
<arg>login-button</arg>
<doc>Clicks the button identified by ``locator``.</doc>
<msg timestamp="20211213 22:10:24.321" level="INFO">Clicking button 'login-button'.</msg>
<status status="PASS" starttime="20211213 22:10:24.321" endtime="20211213 22:10:24.419"/>
</kw>
<kw name="Select From List By Index" library="SeleniumLibrary">
<arg>class:product_sort_container</arg>
<arg>0</arg>
<doc>Selects options from selection list ``locator`` by ``indexes``.</doc>
<msg timestamp="20211213 22:10:24.420" level="INFO">Selecting options from selection list 'class:product_sort_container' by index 0.</msg>
<status status="PASS" starttime="20211213 22:10:24.420" endtime="20211213 22:10:24.498"/>
</kw>
<kw name="Element Text Should Be" library="SeleniumLibrary">
<arg>class:inventory_item_name</arg>
<arg>Sauce Labs Backpack</arg>
<doc>Verifies that element ``locator`` contains exact the text ``expected``.</doc>
<msg timestamp="20211213 22:10:24.499" level="INFO">Verifying element 'class:inventory_item_name' contains exact text 'Sauce Labs Backpack'.</msg>
<status status="PASS" starttime="20211213 22:10:24.498" endtime="20211213 22:10:24.520"/>
</kw>
<kw name="Close Browser" library="SeleniumLibrary" type="TEARDOWN">
<doc>Closes the current browser.</doc>
<status status="PASS" starttime="20211213 22:10:24.521" endtime="20211213 22:10:26.681"/>
</kw>
<status status="PASS" starttime="20211213 22:10:21.677" endtime="20211213 22:10:26.682"/>
</test>
<test id="s1-s1-t6" name="6 Sort product name (Z to A)">
<kw name="Open Browser" library="SeleniumLibrary">
<arg>https://www.saucedemo.com/</arg>
<arg>chrome</arg>
<doc>Opens a new browser instance to the optional ``url``.</doc>
<msg timestamp="20211213 22:10:26.687" level="INFO">Opening browser 'chrome' to base url 'https://www.saucedemo.com/'.</msg>
<status status="PASS" starttime="20211213 22:10:26.686" endtime="20211213 22:10:28.687"/>
</kw>
<kw name="Maximize Browser Window" library="SeleniumLibrary">
<doc>Maximizes current browser window.</doc>
<status status="PASS" starttime="20211213 22:10:28.688" endtime="20211213 22:10:28.800"/>
</kw>
<kw name="Page Should Contain Element" library="SeleniumLibrary">
<arg>login-button</arg>
<doc>Verifies that element ``locator`` is found on the current page.</doc>
<msg timestamp="20211213 22:10:28.819" level="INFO">Current page contains element 'login-button'.</msg>
<status status="PASS" starttime="20211213 22:10:28.801" endtime="20211213 22:10:28.819"/>
</kw>
<kw name="Input Text" library="SeleniumLibrary">
<arg>user-name</arg>
<arg>standard_user</arg>
<doc>Types the given ``text`` into the text field identified by ``locator``.</doc>
<msg timestamp="20211213 22:10:28.819" level="INFO">Typing text 'standard_user' into text field 'user-name'.</msg>
<status status="PASS" starttime="20211213 22:10:28.819" endtime="20211213 22:10:28.927"/>
</kw>
<kw name="Input Text" library="SeleniumLibrary">
<arg>password</arg>
<arg>secret_sauce</arg>
<doc>Types the given ``text`` into the text field identified by ``locator``.</doc>
<msg timestamp="20211213 22:10:28.928" level="INFO">Typing text 'secret_sauce' into text field 'password'.</msg>
<status status="PASS" starttime="20211213 22:10:28.927" endtime="20211213 22:10:29.023"/>
</kw>
<kw name="Click Button" library="SeleniumLibrary">
<arg>login-button</arg>
<doc>Clicks the button identified by ``locator``.</doc>
<msg timestamp="20211213 22:10:29.024" level="INFO">Clicking button 'login-button'.</msg>
<status status="PASS" starttime="20211213 22:10:29.023" endtime="20211213 22:10:29.141"/>
</kw>
<kw name="Select From List By Index" library="SeleniumLibrary">
<arg>class:product_sort_container</arg>
<arg>1</arg>
<doc>Selects options from selection list ``locator`` by ``indexes``.</doc>
<msg timestamp="20211213 22:10:29.143" level="INFO">Selecting options from selection list 'class:product_sort_container' by index 1.</msg>
<status status="PASS" starttime="20211213 22:10:29.142" endtime="20211213 22:10:29.249"/>
</kw>
<kw name="Element Text Should Be" library="SeleniumLibrary">
<arg>class:inventory_item_name</arg>
<arg>Test.allTheThings() T-Shirt (Red)</arg>
<doc>Verifies that element ``locator`` contains exact the text ``expected``.</doc>
<msg timestamp="20211213 22:10:29.250" level="INFO">Verifying element 'class:inventory_item_name' contains exact text 'Test.allTheThings() T-Shirt (Red)'.</msg>
<status status="PASS" starttime="20211213 22:10:29.249" endtime="20211213 22:10:29.270"/>
</kw>
<kw name="Close Browser" library="SeleniumLibrary" type="TEARDOWN">
<doc>Closes the current browser.</doc>
<status status="PASS" starttime="20211213 22:10:29.271" endtime="20211213 22:10:31.421"/>
</kw>
<status status="PASS" starttime="20211213 22:10:26.685" endtime="20211213 22:10:31.422"/>
</test>
<test id="s1-s1-t7" name="6 Sort product name (Low to High)">
<kw name="Open Browser" library="SeleniumLibrary">
<arg>https://www.saucedemo.com/</arg>
<arg>chrome</arg>
<doc>Opens a new browser instance to the optional ``url``.</doc>
<msg timestamp="20211213 22:10:31.427" level="INFO">Opening browser 'chrome' to base url 'https://www.saucedemo.com/'.</msg>
<status status="PASS" starttime="20211213 22:10:31.426" endtime="20211213 22:10:33.290"/>
</kw>
<kw name="Maximize Browser Window" library="SeleniumLibrary">
<doc>Maximizes current browser window.</doc>
<status status="PASS" starttime="20211213 22:10:33.291" endtime="20211213 22:10:33.414"/>
</kw>
<kw name="Page Should Contain Element" library="SeleniumLibrary">
<arg>login-button</arg>
<doc>Verifies that element ``locator`` is found on the current page.</doc>
<msg timestamp="20211213 22:10:33.426" level="INFO">Current page contains element 'login-button'.</msg>
<status status="PASS" starttime="20211213 22:10:33.414" endtime="20211213 22:10:33.426"/>
</kw>
<kw name="Input Text" library="SeleniumLibrary">
<arg>user-name</arg>
<arg>standard_user</arg>
<doc>Types the given ``text`` into the text field identified by ``locator``.</doc>
<msg timestamp="20211213 22:10:33.426" level="INFO">Typing text 'standard_user' into text field 'user-name'.</msg>
<status status="PASS" starttime="20211213 22:10:33.426" endtime="20211213 22:10:33.553"/>
</kw>
<kw name="Input Text" library="SeleniumLibrary">
<arg>password</arg>
<arg>secret_sauce</arg>
<doc>Types the given ``text`` into the text field identified by ``locator``.</doc>
<msg timestamp="20211213 22:10:33.554" level="INFO">Typing text 'secret_sauce' into text field 'password'.</msg>
<status status="PASS" starttime="20211213 22:10:33.554" endtime="20211213 22:10:33.639"/>
</kw>
<kw name="Click Button" library="SeleniumLibrary">
<arg>login-button</arg>
<doc>Clicks the button identified by ``locator``.</doc>
<msg timestamp="20211213 22:10:33.640" level="INFO">Clicking button 'login-button'.</msg>
<status status="PASS" starttime="20211213 22:10:33.639" endtime="20211213 22:10:33.745"/>
</kw>
<kw name="Select From List By Index" library="SeleniumLibrary">
<arg>class:product_sort_container</arg>
<arg>2</arg>
<doc>Selects options from selection list ``locator`` by ``indexes``.</doc>
<msg timestamp="20211213 22:10:33.746" level="INFO">Selecting options from selection list 'class:product_sort_container' by index 2.</msg>
<status status="PASS" starttime="20211213 22:10:33.746" endtime="20211213 22:10:33.989"/>
</kw>
<kw name="Element Text Should Be" library="SeleniumLibrary">
<arg>class:inventory_item_name</arg>
<arg>Sauce Labs Onesie</arg>
<doc>Verifies that element ``locator`` contains exact the text ``expected``.</doc>
<msg timestamp="20211213 22:10:33.990" level="INFO">Verifying element 'class:inventory_item_name' contains exact text 'Sauce Labs Onesie'.</msg>
<status status="PASS" starttime="20211213 22:10:33.990" endtime="20211213 22:10:34.022"/>
</kw>
<kw name="Close Browser" library="SeleniumLibrary" type="TEARDOWN">
<doc>Closes the current browser.</doc>
<status status="PASS" starttime="20211213 22:10:34.022" endtime="20211213 22:10:36.171"/>
</kw>
<status status="PASS" starttime="20211213 22:10:31.424" endtime="20211213 22:10:36.172"/>
</test>
<test id="s1-s1-t8" name="7 Sort product name (High to Low)">
<kw name="Open Browser" library="SeleniumLibrary">
<arg>https://www.saucedemo.com/</arg>
<arg>chrome</arg>
<doc>Opens a new browser instance to the optional ``url``.</doc>
<msg timestamp="20211213 22:10:36.178" level="INFO">Opening browser 'chrome' to base url 'https://www.saucedemo.com/'.</msg>
<status status="PASS" starttime="20211213 22:10:36.177" endtime="20211213 22:10:38.308"/>
</kw>
<kw name="Maximize Browser Window" library="SeleniumLibrary">
<doc>Maximizes current browser window.</doc>
<status status="PASS" starttime="20211213 22:10:38.309" endtime="20211213 22:10:38.428"/>
</kw>
<kw name="Page Should Contain Element" library="SeleniumLibrary">
<arg>login-button</arg>
<doc>Verifies that element ``locator`` is found on the current page.</doc>
<msg timestamp="20211213 22:10:38.439" level="INFO">Current page contains element 'login-button'.</msg>
<status status="PASS" starttime="20211213 22:10:38.428" endtime="20211213 22:10:38.439"/>
</kw>
<kw name="Input Text" library="SeleniumLibrary">
<arg>user-name</arg>
<arg>standard_user</arg>
<doc>Types the given ``text`` into the text field identified by ``locator``.</doc>
<msg timestamp="20211213 22:10:38.440" level="INFO">Typing text 'standard_user' into text field 'user-name'.</msg>
<status status="PASS" starttime="20211213 22:10:38.440" endtime="20211213 22:10:38.551"/>
</kw>
<kw name="Input Text" library="SeleniumLibrary">
<arg>password</arg>
<arg>secret_sauce</arg>
<doc>Types the given ``text`` into the text field identified by ``locator``.</doc>
<msg timestamp="20211213 22:10:38.552" level="INFO">Typing text 'secret_sauce' into text field 'password'.</msg>
<status status="PASS" starttime="20211213 22:10:38.551" endtime="20211213 22:10:38.644"/>
</kw>
<kw name="Click Button" library="SeleniumLibrary">
<arg>login-button</arg>
<doc>Clicks the button identified by ``locator``.</doc>
<msg timestamp="20211213 22:10:38.644" level="INFO">Clicking button 'login-button'.</msg>
<status status="PASS" starttime="20211213 22:10:38.644" endtime="20211213 22:10:38.746"/>
</kw>
<kw name="Select From List By Index" library="SeleniumLibrary">
<arg>class:product_sort_container</arg>
<arg>3</arg>
<doc>Selects options from selection list ``locator`` by ``indexes``.</doc>
<msg timestamp="20211213 22:10:38.747" level="INFO">Selecting options from selection list 'class:product_sort_container' by index 3.</msg>
<status status="PASS" starttime="20211213 22:10:38.747" endtime="20211213 22:10:39.180"/>
</kw>
<kw name="Element Text Should Be" library="SeleniumLibrary">
<arg>class:inventory_item_name</arg>
<arg>Sauce Labs Fleece Jacket</arg>
<doc>Verifies that element ``locator`` contains exact the text ``expected``.</doc>
<msg timestamp="20211213 22:10:39.182" level="INFO">Verifying element 'class:inventory_item_name' contains exact text 'Sauce Labs Fleece Jacket'.</msg>
<status status="PASS" starttime="20211213 22:10:39.182" endtime="20211213 22:10:39.202"/>
</kw>
<kw name="Close Browser" library="SeleniumLibrary" type="TEARDOWN">
<doc>Closes the current browser.</doc>
<status status="PASS" starttime="20211213 22:10:39.202" endtime="20211213 22:10:41.354"/>
</kw>
<status status="PASS" starttime="20211213 22:10:36.176" endtime="20211213 22:10:41.355"/>
</test>
<doc>SeleniumIDE &amp; RobotFramework Practice

This test follows the example using keywords from
the Selenium Library</doc>
<status status="PASS" starttime="20211213 22:10:02.839" endtime="20211213 22:10:41.359"/>
</suite>
<status status="PASS" starttime="20211213 22:10:02.803" endtime="20211213 22:10:41.369"/>
</suite>
<statistics>
<total>
<stat pass="8" fail="0" skip="0">All Tests</stat>
</total>
<tag>
</tag>
<suite>
<stat pass="8" fail="0" skip="0" id="s1" name="Tests">Tests</stat>
<stat pass="8" fail="0" skip="0" id="s1-s1" name="Exercise">Tests.Exercise</stat>
</suite>
</statistics>
<errors>
</errors>
</robot>
